Line 300: Class MSAdodcLib.Adodc of control Adodc1 was not a loaded control class.
Line 306: The property name _ExtentX in Adodc1 is invalid.
Line 307: The property name _ExtentY in Adodc1 is invalid.
Line 308: The property name ConnectMode in Adodc1 is invalid.
Line 309: The property name CursorLocation in Adodc1 is invalid.
Line 310: The property name IsolationLevel in Adodc1 is invalid.
Line 311: The property name ConnectionTimeout in Adodc1 is invalid.
Line 312: The property name CommandTimeout in Adodc1 is invalid.
Line 313: The property name CursorType in Adodc1 is invalid.
Line 314: The property name LockType in Adodc1 is invalid.
Line 315: The property name CommandType in Adodc1 is invalid.
Line 316: The property name CursorOptions in Adodc1 is invalid.
Line 317: The property name CacheSize in Adodc1 is invalid.
Line 318: The property name MaxRecords in Adodc1 is invalid.
Line 319: The property name BOFAction in Adodc1 is invalid.
Line 320: The property name EOFAction in Adodc1 is invalid.
Line 321: The property name ConnectStringType in Adodc1 is invalid.
Line 325: The property name Orientation in Adodc1 is invalid.
Line 327: The property name Connect in Adodc1 is invalid.
Line 328: The property name OLEDBString in Adodc1 is invalid.
Line 329: The property name OLEDBFile in Adodc1 is invalid.
Line 330: The property name DataSourceName in Adodc1 is invalid.
Line 331: The property name OtherAttributes in Adodc1 is invalid.
Line 332: The property name UserName in Adodc1 is invalid.
Line 333: The property name Password in Adodc1 is invalid.
Line 334: The property name RecordSource in Adodc1 is invalid.
Line 335: The property name Caption in Adodc1 is invalid.
Line 345: The property name _Version in Adodc1 is invalid.
